<?xml version="1.0" encoding="UTF-8"?>
<testsuite xmlns:xsi="http://www.w3.org/2001/XMLSchema-instance" xsi:noNamespaceSchemaLocation="https://maven.apache.org/surefire/maven-surefire-plugin/xsd/surefire-test-report.xsd" name="fr.univ_smb.isc.m2.integration_tests.CasierDeleteIT_Test" time="0.14" tests="2" errors="0" skipped="0" failures="0">
  <properties>
[...]
</properties>
  <testcase name="should_Not_Exist_Anymore" classname="fr.univ_smb.isc.m2.integration_tests.CasierDeleteIT_Test" time="0.094"/>
  <testcase name="should_200_On_Casier_Deletion" classname="fr.univ_smb.isc.m2.integration_tests.CasierDeleteIT_Test" time="0.046"/>
</testsuite>