<?xml version="1.0" encoding="UTF-8"?>
<testsuite xmlns:xsi="http://www.w3.org/2001/XMLSchema-instance" xsi:noNamespaceSchemaLocation="https://maven.apache.org/surefire/maven-failsafe-plugin/xsd/failsafe-test-report.xsd" name="fr.univ_smb.isc.m2.integration_tests.CustomerGetIT" time="1.528" tests="2" errors="0" skipped="0" failures="0">
  <properties>
[...]
</properties>
  <testcase name="should_200_On_Existing_Customer" classname="fr.univ_smb.isc.m2.integration_tests.CustomerGetIT" time="1.324"/>
  <testcase name="should_404_On_Non_Existing_Customer" classname="fr.univ_smb.isc.m2.integration_tests.CustomerGetIT" time="0.026"/>
</testsuite>